\BOOKMARK [0][-]{chapter*.2}{\376\377\000P\000r\000e\000f\000a\000c\000e}{}% 1
\BOOKMARK [-1][-]{part.1}{\376\377\000I\000\040\000S\000t\000a\000n\000d\000a\000r\000d\000\040\000O\000p\000t\000i\000m\000a\000l\000\040\000C\000o\000n\000t\000r\000o\000l\000\040\000M\000o\000d\000e\000l}{}% 2
\BOOKMARK [0][-]{chapter*.3}{\376\377\000I\000n\000t\000r\000o\000d\000u\000c\000t\000i\000o\000n}{part.1}% 3
\BOOKMARK [1][-]{section.0.1}{\376\377\000F\000i\000r\000s\000t\000\040\000S\000t\000e\000p\000s\000\040\000f\000o\000r\000\040\000I\000n\000s\000t\000a\000l\000l\000a\000t\000i\000o\000n}{chapter*.3}% 4
\BOOKMARK [1][-]{section.0.2}{\376\377\000M\000o\000d\000e\000l\000\040\000C\000l\000a\000s\000s}{chapter*.3}% 5
\BOOKMARK [0][-]{chapter.1}{\376\377\000B\000a\000s\000i\000c\000\040\000M\000o\000d\000e\000l}{part.1}% 6
\BOOKMARK [1][-]{section.1.1}{\376\377\000I\000n\000i\000t\000i\000a\000l\000i\000z\000a\000t\000i\000o\000n}{chapter.1}% 7
\BOOKMARK [2][-]{subsection.1.1.1}{\376\377\000I\000n\000i\000t\000i\000a\000l\000i\000z\000a\000t\000i\000o\000n\000\040\000F\000i\000l\000e}{section.1.1}% 8
\BOOKMARK [2][-]{subsection.1.1.2}{\376\377\000P\000r\000o\000c\000e\000s\000s\000i\000n\000g\000\040\000t\000h\000e\000\040\000I\000n\000i\000t\000i\000a\000l\000i\000z\000a\000t\000i\000o\000n\000\040\000F\000i\000l\000e}{section.1.1}% 9
\BOOKMARK [2][-]{subsection.1.1.3}{\376\377\000G\000e\000n\000e\000r\000a\000t\000i\000n\000g\000\040\000t\000h\000e\000\040\000M\000o\000d\000e\000l\000\040\000F\000i\000l\000e\000s}{section.1.1}% 10
\BOOKMARK [2][-]{subsection.1.1.4}{\376\377\000M\000o\000d\000e\000l\000\040\000I\000n\000s\000t\000a\000n\000c\000e}{section.1.1}% 11
\BOOKMARK [2][-]{subsection.1.1.5}{\376\377\000R\000e\000t\000r\000i\000e\000v\000i\000n\000g\000\040\000M\000o\000d\000e\000l\000\040\000I\000n\000f\000o\000r\000m\000a\000t\000i\000o\000n}{section.1.1}% 12
\BOOKMARK [1][-]{section.1.2}{\376\377\000N\000u\000m\000e\000r\000i\000c\000a\000l\000\040\000A\000n\000a\000l\000y\000s\000i\000s}{chapter.1}% 13
\BOOKMARK [2][-]{subsection.1.2.1}{\376\377\000E\000q\000u\000i\000l\000i\000b\000r\000i\000a}{section.1.2}% 14
\BOOKMARK [2][-]{subsection.1.2.2}{\376\377\000S\000a\000d\000d\000l\000e\000-\000p\000a\000t\000h}{section.1.2}% 15
\BOOKMARK [2][-]{subsection.1.2.3}{\376\377\000D\000e\000t\000e\000c\000t\000i\000o\000n\000\040\000o\000f\000\040\000a\000n\000\040\000I\000n\000d\000i\000f\000f\000e\000r\000e\000n\000c\000e\000\040\000T\000h\000r\000e\000s\000h\000o\000l\000d}{section.1.2}% 16
\BOOKMARK [0][-]{chapter.2}{\376\377\000H\000i\000g\000h\000e\000r\000\040\000D\000i\000m\000e\000n\000s\000i\000o\000n\000a\000l\000\040\000M\000o\000d\000e\000l\000s}{part.1}% 17
\BOOKMARK [1][-]{section.2.1}{\376\377\000I\000n\000i\000t\000i\000a\000l\000i\000z\000a\000t\000i\000o\000n}{chapter.2}% 18
\BOOKMARK [1][-]{section.2.2}{\376\377\000N\000u\000m\000e\000r\000i\000c\000a\000l\000\040\000A\000n\000a\000l\000y\000s\000i\000s}{chapter.2}% 19
\BOOKMARK [2][-]{subsection.2.2.1}{\376\377\000E\000q\000u\000i\000l\000i\000b\000r\000i\000a}{section.2.2}% 20
\BOOKMARK [2][-]{subsection.2.2.2}{\376\377\000S\000a\000d\000d\000l\000e\000-\000p\000a\000t\000h}{section.2.2}% 21
\BOOKMARK [2][-]{subsection.2.2.3}{\376\377\000C\000a\000l\000c\000u\000l\000a\000t\000i\000o\000n\000\040\000o\000f\000\040\000a\000n\000\040\000I\000n\000d\000i\000f\000f\000e\000r\000e\000n\000c\000e\000\040\000T\000h\000r\000e\000s\000h\000o\000l\000d\000\040\000C\000u\000r\000v\000e}{section.2.2}% 22
\BOOKMARK [1][-]{section.2.3}{\376\377\000I\000n\000i\000t\000i\000a\000l\000i\000z\000a\000t\000i\000o\000n\000\040\000a\000n\000d\000\040\000N\000u\000m\000e\000r\000i\000c\000a\000l\000\040\000a\000n\000a\000l\000y\000s\000i\000s\000\040\000o\000f\000\040\000m\000o\000d\000e\000l\000\040\000C\000R\000M}{chapter.2}% 23
\BOOKMARK [0][-]{chapter.3}{\376\377\000S\000e\000l\000e\000c\000t\000e\000d\000\040\000C\000o\000m\000m\000a\000n\000d\000s}{part.1}% 24
\BOOKMARK [1][-]{section.3.1}{\376\377\000I\000n\000i\000t\000i\000a\000l\000i\000z\000a\000t\000i\000o\000n}{chapter.3}% 25
\BOOKMARK [1][-]{section.3.2}{\376\377\000N\000u\000m\000e\000r\000i\000c\000a\000l\000\040\000A\000n\000a\000l\000y\000s\000i\000s}{chapter.3}% 26
\BOOKMARK [2][-]{subsection.3.2.1}{\376\377\000E\000q\000u\000i\000l\000i\000b\000r\000i\000u\000m\000\040\000\050\000'\000d\000y\000n\000p\000r\000i\000m\000i\000t\000i\000v\000e\000'\000\051}{section.3.2}% 27
\BOOKMARK [2][-]{subsection.3.2.2}{\376\377\000S\000a\000d\000d\000l\000e\000-\000P\000a\000t\000h\000\040\000\050\000'\000o\000c\000a\000s\000y\000m\000p\000t\000o\000t\000i\000c\000'\000\051}{section.3.2}% 28
\BOOKMARK [2][-]{subsection.3.2.3}{\376\377\000I\000n\000d\000i\000f\000f\000e\000r\000e\000n\000c\000e\000\040\000T\000h\000r\000e\000s\000h\000o\000l\000d}{section.3.2}% 29
\BOOKMARK [1][-]{section.3.3}{\376\377\000G\000e\000n\000e\000r\000a\000l\000\040\000C\000o\000m\000m\000a\000n\000d\000s}{chapter.3}% 30
\BOOKMARK [2][-]{subsection.3.3.1}{\376\377\000A\000u\000x\000i\000l\000i\000a\000r\000y\000\040\000T\000o\000o\000l\000s}{section.3.3}% 31
\BOOKMARK [2][-]{subsection.3.3.2}{\376\377\000O\000p\000t\000i\000o\000n\000\040\000H\000a\000n\000d\000l\000i\000n\000g}{section.3.3}% 32
\BOOKMARK [1][-]{section.3.4}{\376\377\000P\000l\000o\000t\000t\000i\000n\000g\000\040\000C\000o\000m\000m\000a\000n\000d\000s}{chapter.3}% 33
\BOOKMARK [0][-]{chapter.4}{\376\377\000M\000i\000s\000c\000e\000l\000l\000a\000n\000e\000o\000u\000s}{part.1}% 34
\BOOKMARK [1][-]{section.4.1}{\376\377\000I\000m\000p\000l\000i\000c\000i\000t\000\040\000O\000p\000t\000i\000m\000a\000l\000\040\000C\000o\000n\000t\000r\000o\000l\000\040\000V\000a\000l\000u\000e\000s}{chapter.4}% 35
\BOOKMARK [1][-]{section.4.2}{\376\377\000N\000o\000n\000-\000a\000u\000t\000o\000n\000o\000m\000o\000u\000s\000\040\000P\000r\000o\000b\000l\000e\000m}{chapter.4}% 36
\BOOKMARK [1][-]{section.4.3}{\376\377\000P\000u\000r\000e\000\040\000S\000t\000a\000t\000e\000\040\000C\000o\000n\000s\000t\000r\000a\000i\000n\000t\000s}{chapter.4}% 37
\BOOKMARK [1][-]{section.4.4}{\376\377\000D\000i\000v\000e\000r\000g\000i\000n\000g\000\040\000S\000o\000l\000u\000t\000i\000o\000n\000s}{chapter.4}% 38
\BOOKMARK [1][-]{section.4.5}{\376\377\000M\000A\000T\000C\000O\000N\000T\000\040\000I\000n\000t\000e\000r\000f\000a\000c\000e}{chapter.4}% 39
\BOOKMARK [1][-]{section.4.6}{\376\377\000P\000e\000r\000i\000o\000d\000i\000c\000\040\000S\000o\000l\000u\000t\000i\000o\000n\000s}{chapter.4}% 40
\BOOKMARK [1][-]{section.4.7}{\376\377\000B\000V\000P\000\040\000B\000i\000f\000u\000r\000c\000a\000t\000i\000o\000n\000s}{chapter.4}% 41
\BOOKMARK [0][-]{appendix.A}{\376\377\000O\000p\000t\000i\000o\000n\000s}{part.1}% 42
\BOOKMARK [1][-]{section.A.1}{\376\377\000I\000N\000I\000T}{appendix.A}% 43
\BOOKMARK [1][-]{section.A.2}{\376\377\000O\000C\000C\000O\000N\000T\000A\000R\000G}{appendix.A}% 44
\BOOKMARK [1][-]{section.A.3}{\376\377\000G\000E\000N\000E\000R\000A\000L}{appendix.A}% 45
\BOOKMARK [1][-]{section.A.4}{\376\377\000N\000E\000W\000T\000O\000N}{appendix.A}% 46
\BOOKMARK [1][-]{section.A.5}{\376\377\000S\000B\000V\000P\000O\000C}{appendix.A}% 47
\BOOKMARK [1][-]{section.A.6}{\376\377\000O\000D\000E\000,\000\040\000B\000V\000P\000,\000\040\000E\000P}{appendix.A}% 48
\BOOKMARK [1][-]{section.A.7}{\376\377\000M\000A\000T\000C\000O\000N\000T}{appendix.A}% 49
\BOOKMARK [0][-]{appendix.B}{\376\377\000C\000l\000a\000s\000s\000\040\000D\000e\000s\000i\000g\000n}{part.1}% 50
\BOOKMARK [1][-]{section.B.1}{\376\377\000M\000o\000d\000e\000l\000\040\000c\000l\000a\000s\000s}{appendix.B}% 51
\BOOKMARK [2][-]{subsection.B.1.1}{\376\377\000S\000t\000a\000n\000d\000a\000r\000d\000\040\000M\000o\000d\000e\000l\000\040\000C\000l\000a\000s\000s\000\040\000\050\000s\000t\000d\000o\000c\000m\000o\000d\000e\000l\000\051}{section.B.1}% 52
\BOOKMARK [1][-]{section.B.2}{\376\377\000S\000o\000l\000u\000t\000i\000o\000n\000\040\000c\000l\000a\000s\000s\000e\000s}{appendix.B}% 53
\BOOKMARK [2][-]{subsection.B.2.1}{\376\377\000T\000i\000m\000e\000\040\000p\000a\000t\000h\000\040\000\050\000o\000c\000t\000r\000a\000j\000e\000c\000t\000o\000r\000y\000\051}{section.B.2}% 54
\BOOKMARK [2][-]{subsection.B.2.2}{\376\377\000D\000y\000n\000a\000m\000i\000c\000\040\000p\000r\000i\000m\000i\000t\000i\000v\000e\000s\000\040\000\050\000d\000y\000n\000p\000r\000i\000m\000i\000t\000i\000v\000e\000\051}{section.B.2}% 55
\BOOKMARK [-1][-]{part.2}{\376\377\000I\000I\000\040\000D\000i\000s\000c\000r\000e\000t\000e\000\040\000O\000p\000t\000i\000m\000a\000l\000\040\000C\000o\000n\000t\000r\000o\000l\000\040\000M\000o\000d\000e\000l}{}% 56
\BOOKMARK [0][-]{appendix.C}{\376\377\000I\000n\000t\000r\000o\000d\000u\000c\000t\000i\000o\000n}{part.2}% 57
\BOOKMARK [1][-]{section.C.1}{\376\377\000M\000o\000d\000e\000l\000\040\000C\000l\000a\000s\000s}{appendix.C}% 58
